2024-09-20 14:17:10.424527: Uso de CPU: [33m56.80%[0m | Uso de Memoria: [31m87.80%[0m	7051.1MB usados de 8026.3MB | Uso de Disco: [31m97.3%[0m	114.8GB usados de 118.0GB
2024-09-21 10:04:44.390890: Uso de CPU: [32m27.50%[0m | Uso de Memoria: [31m87.50%[0m	7022.1MB usados de 8026.3MB | Uso de Disco: [31m97.2%[0m	114.7GB usados de 118.0GB
2024-09-21 10:04:50.629403: Uso de CPU: [32m16.20%[0m | Uso de Memoria: [31m84.40%[0m	6777.8MB usados de 8026.3MB | Uso de Disco: [31m97.2%[0m	114.7GB usados de 118.0GB
2024-09-21 10:04:56.846081: Uso de CPU: [32m11.30%[0m | Uso de Memoria: [31m84.70%[0m	6798.7MB usados de 8026.3MB | Uso de Disco: [31m97.2%[0m	114.7GB usados de 118.0GB
2024-09-21 10:05:22.472247: Uso de CPU: [32m32.60%[0m | Uso de Memoria: [31m86.20%[0m	6921.1MB usados de 8026.3MB | Uso de Disco: [31m97.2%[0m	114.7GB usados de 118.0GB
2024-09-21 10:05:28.496812: Uso de CPU: [32m37.20%[0m | Uso de Memoria: [31m85.50%[0m	6861.3MB usados de 8026.3MB | Uso de Disco: [31m97.2%[0m	114.7GB usados de 118.0GB
2024-09-21 10:06:47.054189: Uso de CPU: [32m30.70%[0m | Uso de Memoria: [31m86.00%[0m	6903.7MB usados de 8026.3MB | Uso de Disco: [31m97.2%[0m	114.7GB usados de 118.0GB
2024-09-21 10:06:53.280042: Uso de CPU: [32m31.00%[0m | Uso de Memoria: [31m86.10%[0m	6910.6MB usados de 8026.3MB | Uso de Disco: [31m97.2%[0m	114.7GB usados de 118.0GB
2024-09-21 10:06:59.517920: Uso de CPU: [32m41.20%[0m | Uso de Memoria: [31m85.60%[0m	6872.3MB usados de 8026.3MB | Uso de Disco: [31m97.2%[0m	114.7GB usados de 118.0GB
2024-09-21 10:07:05.731949: Uso de CPU: [32m42.00%[0m | Uso de Memoria: [31m86.10%[0m	6907.3MB usados de 8026.3MB | Uso de Disco: [31m97.2%[0m	114.7GB usados de 118.0GB
2024-09-21 10:07:11.989529: Uso de CPU: [32m42.40%[0m | Uso de Memoria: [31m86.10%[0m	6908.5MB usados de 8026.3MB | Uso de Disco: [31m97.2%[0m	114.7GB usados de 118.0GB
2024-09-21 10:07:18.212817: Uso de CPU: [32m18.00%[0m | Uso de Memoria: [31m86.10%[0m	6909.1MB usados de 8026.3MB | Uso de Disco: [31m97.2%[0m	114.7GB usados de 118.0GB
2024-09-21 10:07:24.461372: Uso de CPU: [32m31.10%[0m | Uso de Memoria: [31m85.90%[0m	6893.5MB usados de 8026.3MB | Uso de Disco: [31m97.2%[0m	114.7GB usados de 118.0GB
2024-09-21 10:07:30.716051: Uso de CPU: [32m26.90%[0m | Uso de Memoria: [31m85.90%[0m	6895.8MB usados de 8026.3MB | Uso de Disco: [31m97.2%[0m	114.7GB usados de 118.0GB
2024-09-21 10:07:38.654163: Uso de CPU: [32m24.80%[0m | Uso de Memoria: [31m86.50%[0m	6941.8MB usados de 8026.3MB | Uso de Disco: [31m97.2%[0m	114.7GB usados de 118.0GB
2024-09-21 10:07:44.870761: Uso de CPU: [32m41.80%[0m | Uso de Memoria: [31m85.90%[0m	6897.2MB usados de 8026.3MB | Uso de Disco: [31m97.2%[0m	114.7GB usados de 118.0GB
2024-09-21 10:08:18.601059: Uso de CPU: [32m12.10%[0m | Uso de Memoria: [31m86.80%[0m	6966.9MB usados de 8026.3MB | Uso de Disco: [31m97.2%[0m	114.7GB usados de 118.0GB
2024-09-21 10:08:24.855928: Uso de CPU: [32m26.30%[0m | Uso de Memoria: [31m86.70%[0m	6959.8MB usados de 8026.3MB | Uso de Disco: [31m97.2%[0m	114.7GB usados de 118.0GB
2024-09-21 10:08:31.125896: Uso de CPU: [32m18.30%[0m | Uso de Memoria: [31m86.10%[0m	6907.8MB usados de 8026.3MB | Uso de Disco: [31m97.2%[0m	114.7GB usados de 118.0GB
2024-09-21 10:08:42.582482: Uso de CPU: [32m19.50%[0m | Uso de Memoria: [31m85.70%[0m	6877.5MB usados de 8026.3MB | Uso de Disco: [31m97.2%[0m	114.7GB usados de 118.0GB
2024-09-21 10:09:10.483710: Uso de CPU: [32m18.40%[0m | Uso de Memoria: [31m84.40%[0m	6772.8MB usados de 8026.3MB | Uso de Disco: [31m97.2%[0m	114.7GB usados de 118.0GB
2024-09-21 10:09:20.771769: Uso de CPU: [32m12.00%[0m | Uso de Memoria: [31m84.90%[0m	6816.2MB usados de 8026.3MB | Uso de Disco: [31m97.2%[0m	114.7GB usados de 118.0GB
2024-09-21 10:09:27.020907: Uso de CPU: [32m45.10%[0m | Uso de Memoria: [31m85.30%[0m	6843.5MB usados de 8026.3MB | Uso de Disco: [31m97.2%[0m	114.7GB usados de 118.0GB
2024-09-21 10:09:31.300927: Uso de CPU: [32m20.20%[0m | Uso de Memoria: [31m85.00%[0m	6826.1MB usados de 8026.3MB | Uso de Disco: [31m97.2%[0m	114.7GB usados de 118.0GB
2024-09-21 10:09:44.676986: Uso de CPU: [32m14.00%[0m | Uso de Memoria: [31m85.30%[0m	6842.5MB usados de 8026.3MB | Uso de Disco: [31m97.2%[0m	114.7GB usados de 118.0GB
2024-09-21 10:09:50.897264: Uso de CPU: [32m11.20%[0m | Uso de Memoria: [31m84.10%[0m	6746.7MB usados de 8026.3MB | Uso de Disco: [31m97.2%[0m	114.7GB usados de 118.0GB
2024-09-21 10:10:17.225003: Uso de CPU: [32m31.40%[0m | Uso de Memoria: [31m84.90%[0m	6816.5MB usados de 8026.3MB | Uso de Disco: [31m97.2%[0m	114.7GB usados de 118.0GB
2024-09-21 10:10:23.457479: Uso de CPU: [32m21.60%[0m | Uso de Memoria: [31m84.80%[0m	6804.8MB usados de 8026.3MB | Uso de Disco: [31m97.2%[0m	114.7GB usados de 118.0GB
2024-09-21 10:10:29.700646: Uso de CPU: [32m22.60%[0m | Uso de Memoria: [31m84.20%[0m	6760.4MB usados de 8026.3MB | Uso de Disco: [31m97.2%[0m	114.7GB usados de 118.0GB
2024-09-21 10:10:35.913561: Uso de CPU: [32m30.10%[0m | Uso de Memoria: [31m84.30%[0m	6768.8MB usados de 8026.3MB | Uso de Disco: [31m97.2%[0m	114.7GB usados de 118.0GB
2024-09-21 10:10:42.140918: Uso de CPU: [32m23.70%[0m | Uso de Memoria: [31m84.20%[0m	6762.0MB usados de 8026.3MB | Uso de Disco: [31m97.2%[0m	114.7GB usados de 118.0GB
2024-09-21 10:11:07.202924: Uso de CPU: [32m28.00%[0m | Uso de Memoria: [31m85.10%[0m	6833.8MB usados de 8026.3MB | Uso de Disco: [31m97.2%[0m	114.7GB usados de 118.0GB
2024-09-21 10:11:13.421873: Uso de CPU: [32m9.00%[0m | Uso de Memoria: [31m84.20%[0m	6759.4MB usados de 8026.3MB | Uso de Disco: [31m97.2%[0m	114.7GB usados de 118.0GB
2024-09-21 10:11:27.015724: Uso de CPU: [32m18.80%[0m | Uso de Memoria: [31m85.60%[0m	6870.8MB usados de 8026.3MB | Uso de Disco: [31m97.2%[0m	114.7GB usados de 118.0GB
2024-09-21 10:11:33.280726: Uso de CPU: [32m25.00%[0m | Uso de Memoria: [31m85.80%[0m	6888.1MB usados de 8026.3MB | Uso de Disco: [31m97.2%[0m	114.7GB usados de 118.0GB
2024-09-21 10:11:39.516929: Uso de CPU: [32m15.20%[0m | Uso de Memoria: [31m85.10%[0m	6830.7MB usados de 8026.3MB | Uso de Disco: [31m97.2%[0m	114.7GB usados de 118.0GB
2024-09-21 10:11:45.739991: Uso de CPU: [32m27.10%[0m | Uso de Memoria: [31m84.40%[0m	6770.6MB usados de 8026.3MB | Uso de Disco: [31m97.2%[0m	114.7GB usados de 118.0GB
2024-09-21 10:11:51.990075: Uso de CPU: [32m19.70%[0m | Uso de Memoria: [31m84.70%[0m	6795.5MB usados de 8026.3MB | Uso de Disco: [31m97.2%[0m	114.7GB usados de 118.0GB
2024-09-21 10:11:58.262369: Uso de CPU: [32m22.90%[0m | Uso de Memoria: [31m83.50%[0m	6702.6MB usados de 8026.3MB | Uso de Disco: [31m97.2%[0m	114.7GB usados de 118.0GB
2024-09-21 10:12:04.467497: Uso de CPU: [32m17.00%[0m | Uso de Memoria: [31m83.60%[0m	6712.9MB usados de 8026.3MB | Uso de Disco: [31m97.2%[0m	114.7GB usados de 118.0GB
2024-09-21 10:12:10.713546: Uso de CPU: [32m36.20%[0m | Uso de Memoria: [31m84.50%[0m	6783.9MB usados de 8026.3MB | Uso de Disco: [31m97.2%[0m	114.7GB usados de 118.0GB
2024-09-21 10:12:16.951056: Uso de CPU: [32m21.70%[0m | Uso de Memoria: [31m84.00%[0m	6741.7MB usados de 8026.3MB | Uso de Disco: [31m97.2%[0m	114.7GB usados de 118.0GB
2024-09-21 10:12:23.198583: Uso de CPU: [32m25.70%[0m | Uso de Memoria: [31m85.40%[0m	6855.5MB usados de 8026.3MB | Uso de Disco: [31m97.2%[0m	114.7GB usados de 118.0GB
2024-09-21 10:12:29.446835: Uso de CPU: [32m32.70%[0m | Uso de Memoria: [31m85.50%[0m	6861.7MB usados de 8026.3MB | Uso de Disco: [31m97.2%[0m	114.7GB usados de 118.0GB
2024-09-21 10:12:35.716133: Uso de CPU: [32m18.00%[0m | Uso de Memoria: [31m84.50%[0m	6786.0MB usados de 8026.3MB | Uso de Disco: [31m97.2%[0m	114.7GB usados de 118.0GB
2024-09-21 10:12:41.996295: Uso de CPU: [32m37.60%[0m | Uso de Memoria: [31m84.90%[0m	6811.0MB usados de 8026.3MB | Uso de Disco: [31m97.2%[0m	114.7GB usados de 118.0GB
2024-09-21 10:12:48.236065: Uso de CPU: [32m41.70%[0m | Uso de Memoria: [31m85.00%[0m	6824.9MB usados de 8026.3MB | Uso de Disco: [31m97.2%[0m	114.7GB usados de 118.0GB
2024-09-21 10:12:54.495464: Uso de CPU: [32m25.80%[0m | Uso de Memoria: [31m85.20%[0m	6839.5MB usados de 8026.3MB | Uso de Disco: [31m97.2%[0m	114.7GB usados de 118.0GB
2024-09-21 10:13:00.731836: Uso de CPU: [32m16.40%[0m | Uso de Memoria: [31m85.60%[0m	6868.1MB usados de 8026.3MB | Uso de Disco: [31m97.2%[0m	114.7GB usados de 118.0GB
2024-09-21 10:13:07.178992: Uso de CPU: [32m41.90%[0m | Uso de Memoria: [31m86.00%[0m	6906.1MB usados de 8026.3MB | Uso de Disco: [31m97.2%[0m	114.7GB usados de 118.0GB
2024-09-21 10:13:13.482542: Uso de CPU: [32m46.60%[0m | Uso de Memoria: [31m85.80%[0m	6884.3MB usados de 8026.3MB | Uso de Disco: [31m97.2%[0m	114.7GB usados de 118.0GB
2024-09-21 10:13:19.706260: Uso de CPU: [32m44.00%[0m | Uso de Memoria: [31m85.60%[0m	6870.1MB usados de 8026.3MB | Uso de Disco: [31m97.2%[0m	114.7GB usados de 118.0GB
2024-09-21 10:13:25.913525: Uso de CPU: [32m33.10%[0m | Uso de Memoria: [31m84.40%[0m	6773.3MB usados de 8026.3MB | Uso de Disco: [31m97.2%[0m	114.7GB usados de 118.0GB
2024-09-21 10:13:33.517403: Uso de CPU: [32m28.50%[0m | Uso de Memoria: [31m85.20%[0m	6841.8MB usados de 8026.3MB | Uso de Disco: [31m97.2%[0m	114.7GB usados de 118.0GB
2024-09-21 10:14:28.524636: 
Uso de CPU: [32m20.50%[0m | 
Uso de Memoria: [31m84.60%[0m	6792.4MB usados de 8026.3MB | 
Uso de Disco: [31m97.2%[0m	114.7GB usados de 118.0GB
2024-09-21 10:14:34.776039: 
Uso de CPU: [32m17.70%[0m | 
Uso de Memoria: [31m83.70%[0m	6718.7MB usados de 8026.3MB | 
Uso de Disco: [31m97.2%[0m	114.7GB usados de 118.0GB
2024-09-21 10:14:40.971548: 
Uso de CPU: [32m15.40%[0m | 
Uso de Memoria: [31m83.80%[0m	6724.1MB usados de 8026.3MB | 
Uso de Disco: [31m97.2%[0m	114.7GB usados de 118.0GB
2024-09-21 10:14:47.172216: 
Uso de CPU: [32m15.50%[0m | 
Uso de Memoria: [31m83.90%[0m	6731.2MB usados de 8026.3MB | 
Uso de Disco: [31m97.2%[0m	114.7GB usados de 118.0GB
2024-09-21 10:14:53.406619: 
Uso de CPU: [32m17.40%[0m | 
Uso de Memoria: [31m83.80%[0m	6726.2MB usados de 8026.3MB | 
Uso de Disco: [31m97.2%[0m	114.7GB usados de 118.0GB
2024-09-21 10:15:19.159491: 
Uso de CPU: [32m23.90%[0m | 
Uso de Memoria: [31m85.00%[0m	6820.3MB usados de 8026.3MB | 
Uso de Disco: [31m97.2%[0m	114.7GB usados de 118.0GB
2024-09-21 10:15:25.378320: 
Uso de CPU: [32m14.90%[0m | 
Uso de Memoria: [31m84.50%[0m	6781.4MB usados de 8026.3MB | 
Uso de Disco: [31m97.2%[0m	114.7GB usados de 118.0GB
2024-09-21 10:15:31.621510: 
Uso de CPU: [32m22.00%[0m | 
Uso de Memoria: [31m83.30%[0m	6686.2MB usados de 8026.3MB | 
Uso de Disco: [31m97.2%[0m	114.7GB usados de 118.0GB
2024-09-21 10:15:37.853139: 
Uso de CPU: [32m18.90%[0m | 
Uso de Memoria: [31m83.30%[0m	6686.6MB usados de 8026.3MB | 
Uso de Disco: [31m97.2%[0m	114.7GB usados de 118.0GB
2024-09-21 10:17:10.195080: [39m
Uso de CPU: [32m30.90%[0m | [39m
Uso de Memoria: [31m84.10%[0m	6753.2MB usados de 8026.3MB | [39m
Uso de Disco: [31m97.2%[0m	114.7GB usados de 118.0GB
2024-09-21 10:17:16.402418: [39m
Uso de CPU: [32m37.50%[0m | [39m
Uso de Memoria: [31m83.50%[0m	6705.3MB usados de 8026.3MB | [39m
Uso de Disco: [31m97.2%[0m	114.7GB usados de 118.0GB
2024-09-21 10:17:22.634962: [39m
Uso de CPU: [32m20.80%[0m | [39m
Uso de Memoria: [31m83.40%[0m	6693.6MB usados de 8026.3MB | [39m
Uso de Disco: [31m97.2%[0m	114.7GB usados de 118.0GB
2024-09-21 10:17:28.864708: [39m
Uso de CPU: [32m18.70%[0m | [39m
Uso de Memoria: [31m83.40%[0m	6697.3MB usados de 8026.3MB | [39m
Uso de Disco: [31m97.2%[0m	114.7GB usados de 118.0GB
2024-09-21 10:17:35.092880: [39m
Uso de CPU: [32m25.10%[0m | [39m
Uso de Memoria: [31m83.50%[0m	6699.1MB usados de 8026.3MB | [39m
Uso de Disco: [31m97.2%[0m	114.7GB usados de 118.0GB
2024-09-21 10:17:55.385863: [39m
Uso de CPU: [32m13.00%[0m | [39m
Uso de Memoria: [31m85.00%[0m	6825.5MB usados de 8026.3MB | [39m
Uso de Disco: [31m97.2%[0m	114.7GB usados de 118.0GB
2024-09-21 10:18:01.614938: [39m
Uso de CPU: [32m14.70%[0m | [39m
Uso de Memoria: [31m83.60%[0m	6708.1MB usados de 8026.3MB | [39m
Uso de Disco: [31m97.2%[0m	114.7GB usados de 118.0GB
2024-09-21 10:18:07.840029: [39m
Uso de CPU: [32m13.60%[0m | [39m
Uso de Memoria: [31m83.60%[0m	6708.9MB usados de 8026.3MB | [39m
Uso de Disco: [31m97.2%[0m	114.7GB usados de 118.0GB
2024-09-21 10:18:20.018475: [39m
Uso de CPU: [32m24.80%[0m | [39m
Uso de Memoria: [31m84.30%[0m	6770.0MB usados de 8026.3MB | [39m
Uso de Disco: [31m97.2%[0m	114.7GB usados de 118.0GB
2024-09-21 10:18:26.226748: [39m
Uso de CPU: [32m21.10%[0m | [39m
Uso de Memoria: [31m83.40%[0m	6692.0MB usados de 8026.3MB | [39m
Uso de Disco: [31m97.2%[0m	114.7GB usados de 118.0GB
2024-09-21 10:18:32.448285: [39m
Uso de CPU: [32m17.50%[0m | [39m
Uso de Memoria: [31m83.50%[0m	6702.1MB usados de 8026.3MB | [39m
Uso de Disco: [31m97.2%[0m	114.7GB usados de 118.0GB
2024-09-21 10:19:35.324600: [39m
Uso de CPU: [32m22.60%[0m | [39m
Uso de Memoria: [31m84.00%[0m	6744.8MB usados de 8026.3MB | [39m
Uso de Disco: [31m97.2%[0m	114.7GB usados de 118.0GB
2024-09-21 10:19:41.535112: [39m
Uso de CPU: [32m32.20%[0m | [39m
Uso de Memoria: [31m83.10%[0m	6672.4MB usados de 8026.3MB | [39m
Uso de Disco: [31m97.2%[0m	114.7GB usados de 118.0GB
2024-09-21 10:19:47.908189: [39m
Uso de CPU: [32m40.50%[0m | [39m
Uso de Memoria: [31m84.30%[0m	6763.4MB usados de 8026.3MB | [39m
Uso de Disco: [31m97.2%[0m	114.7GB usados de 118.0GB
2024-09-21 10:19:54.164766: [39m
Uso de CPU: [32m48.10%[0m | [39m
Uso de Memoria: [31m84.30%[0m	6763.0MB usados de 8026.3MB | [39m
Uso de Disco: [31m97.2%[0m	114.7GB usados de 118.0GB
2024-09-21 10:20:02.537352: [39m
Uso de CPU: [32m17.50%[0m | [39m
Uso de Memoria: [31m83.90%[0m	6737.2MB usados de 8026.3MB | [39m
Uso de Disco: [31m97.2%[0m	114.7GB usados de 118.0GB
2024-09-21 10:20:08.758849: [39m
Uso de CPU: [32m46.60%[0m | [39m
Uso de Memoria: [31m84.70%[0m	6798.0MB usados de 8026.3MB | [39m
Uso de Disco: [31m97.2%[0m	114.7GB usados de 118.0GB
2024-09-21 10:20:21.540445: [39m
Uso de CPU: [32m31.90%[0m | [39m
Uso de Memoria: [31m84.50%[0m	6778.8MB usados de 8026.3MB | [39m
Uso de Disco: [31m97.2%[0m	114.7GB usados de 118.0GB
2024-09-21 10:20:38.206447: [39m
Uso de CPU: [32m24.10%[0m | [39m
Uso de Memoria: [31m84.10%[0m	6748.2MB usados de 8026.3MB | [39m
Uso de Disco: [31m97.2%[0m	114.7GB usados de 118.0GB
2024-09-21 10:21:05.279109: [39m
Uso de CPU: [32m17.60%[0m | [39m
Uso de Memoria: [31m83.70%[0m	6715.1MB usados de 8026.3MB | [39m
Uso de Disco: [31m97.2%[0m	114.7GB usados de 118.0GB
2024-09-21 10:21:11.491598: [39m
Uso de CPU: [32m46.10%[0m | [39m
Uso de Memoria: [31m84.60%[0m	6793.9MB usados de 8026.3MB | [39m
Uso de Disco: [31m97.2%[0m	114.7GB usados de 118.0GB
2024-09-21 10:21:17.743643: [39m
Uso de CPU: [32m41.40%[0m | [39m
Uso de Memoria: [31m84.10%[0m	6746.7MB usados de 8026.3MB | [39m
Uso de Disco: [31m97.2%[0m	114.7GB usados de 118.0GB
2024-09-21 10:21:25.899139: [39m
Uso de CPU: [32m17.90%[0m | [39m
Uso de Memoria: [31m83.80%[0m	6728.5MB usados de 8026.3MB | [39m
Uso de Disco: [31m97.2%[0m	114.7GB usados de 118.0GB
2024-09-21 10:21:32.112416: [39m
Uso de CPU: [32m29.60%[0m | [39m
Uso de Memoria: [31m84.30%[0m	6768.3MB usados de 8026.3MB | [39m
Uso de Disco: [31m97.2%[0m	114.7GB usados de 118.0GB
2024-09-21 10:21:38.369991: [39m
Uso de CPU: [32m42.10%[0m | [39m
Uso de Memoria: [31m84.90%[0m	6814.5MB usados de 8026.3MB | [39m
Uso de Disco: [31m97.2%[0m	114.7GB usados de 118.0GB
2024-09-21 10:21:44.628474: [39m
Uso de CPU: [32m13.50%[0m | [39m
Uso de Memoria: [31m85.50%[0m	6859.8MB usados de 8026.3MB | [39m
Uso de Disco: [31m97.2%[0m	114.7GB usados de 118.0GB
2024-09-21 10:21:50.834853: [39m
Uso de CPU: [32m25.00%[0m | [39m
Uso de Memoria: [31m86.20%[0m	6915.3MB usados de 8026.3MB | [39m
Uso de Disco: [31m97.2%[0m	114.7GB usados de 118.0GB
2024-09-21 10:21:57.081055: [39m
Uso de CPU: [32m35.90%[0m | [39m
Uso de Memoria: [31m84.60%[0m	6786.8MB usados de 8026.3MB | [39m
Uso de Disco: [31m97.2%[0m	114.7GB usados de 118.0GB
2024-09-21 10:22:00.767493: [39m
Uso de CPU: [32m23.10%[0m | [39m
Uso de Memoria: [31m85.20%[0m	6840.8MB usados de 8026.3MB | [39m
Uso de Disco: [31m97.2%[0m	114.7GB usados de 118.0GB
2024-09-21 10:22:06.968218: [39m
Uso de CPU: [32m34.10%[0m | [39m
Uso de Memoria: [31m84.80%[0m	6808.1MB usados de 8026.3MB | [39m
Uso de Disco: [31m97.2%[0m	114.7GB usados de 118.0GB
2024-09-21 10:22:49.241421: [39m
Uso de CPU: [32m27.40%[0m | [39m
Uso de Memoria: [31m84.90%[0m	6816.1MB usados de 8026.3MB | [39m
Uso de Disco: [31m97.2%[0m	114.7GB usados de 118.0GB
2024-09-21 10:22:55.471796: [39m
Uso de CPU: [32m12.10%[0m | [39m
Uso de Memoria: [31m83.60%[0m	6710.4MB usados de 8026.3MB | [39m
Uso de Disco: [31m97.2%[0m	114.7GB usados de 118.0GB
2024-09-21 10:23:06.599741: [39m
Uso de CPU: [32m21.90%[0m | [39m
Uso de Memoria: [31m84.80%[0m	6806.9MB usados de 8026.3MB | [39m
Uso de Disco: [31m97.2%[0m	114.7GB usados de 118.0GB
2024-09-21 10:23:12.818357: [39m
Uso de CPU: [32m16.00%[0m | [39m
Uso de Memoria: [31m83.80%[0m	6726.0MB usados de 8026.3MB | [39m
Uso de Disco: [31m97.2%[0m	114.7GB usados de 118.0GB
2024-09-21 10:23:19.038968: [39m
Uso de CPU: [32m19.10%[0m | [39m
Uso de Memoria: [31m83.90%[0m	6733.2MB usados de 8026.3MB | [39m
Uso de Disco: [31m97.2%[0m	114.7GB usados de 118.0GB
2024-09-21 10:24:18.399995: [39m
Uso de CPU: [32m21.60%[0m | [39m
Uso de Memoria: [31m87.30%[0m	7006.6MB usados de 8026.3MB | [39m
Uso de Disco: [31m97.2%[0m	114.7GB usados de 118.0GB
2024-09-21 10:24:24.638100: [39m
Uso de CPU: [32m42.20%[0m | [39m
Uso de Memoria: [31m87.70%[0m	7036.5MB usados de 8026.3MB | [39m
Uso de Disco: [31m97.2%[0m	114.7GB usados de 118.0GB
2024-09-21 10:24:32.978272: [39m
Uso de CPU: [32m26.40%[0m | [39m
Uso de Memoria: [31m87.00%[0m	6981.8MB usados de 8026.3MB | [39m
Uso de Disco: [31m97.2%[0m	114.7GB usados de 118.0GB
2024-09-21 10:24:59.910945: [39m
Uso de CPU: [32m21.60%[0m | [39m
Uso de Memoria: [31m87.00%[0m	6985.1MB usados de 8026.3MB | [39m
Uso de Disco: [31m97.2%[0m	114.7GB usados de 118.0GB
2024-09-21 10:25:06.112692: [39m
Uso de CPU: [32m16.70%[0m | [39m
Uso de Memoria: [31m86.20%[0m	6916.3MB usados de 8026.3MB | [39m
Uso de Disco: [31m97.2%[0m	114.7GB usados de 118.0GB
2024-09-21 10:25:12.320120: [39m
Uso de CPU: [32m17.10%[0m | [39m
Uso de Memoria: [31m85.90%[0m	6894.4MB usados de 8026.3MB | [39m
Uso de Disco: [31m97.2%[0m	114.7GB usados de 118.0GB
